Using pre-set license
Built from '2020.3/staging' branch; Version is '2020.3.4f1 (0abb6314276a) revision 703331'; Using compiler version '192528614'; Build Type 'Release'
OS: 'Windows 10 Pro; OS build 19042.1466; Version 2009; 64bit' Language: 'de' Physical Memory: 8128 MB
BatchMode: 1, IsHumanControllingUs: 0, StartBugReporterOnCrash: 0, Is64bit: 1, IsPro: 0

 COMMAND LINE ARGUMENTS:
C:\Users\Marius\Files\Programme\Unity\2020.3.4f1\Editor\Unity.exe
-adb2
-batchMode
-noUpm
-name
AssetImportWorker0
-projectPath
E:/Hobby/Unity/PokemonUnity/Pokemon Unity
-logFile
Logs/AssetImportWorker0.log
-srvPort
19513
Successfully changed project path to: E:/Hobby/Unity/PokemonUnity/Pokemon Unity
E:/Hobby/Unity/PokemonUnity/Pokemon Unity
Using Asset Import Pipeline V2.
Refreshing native plugins compatible for Editor in 92.30 ms, found 1 plugins.
Preloading 0 native plugins for Editor in 0.00 ms.
Initialize engine version: 2020.3.4f1 (0abb6314276a)
[Subsystems] Discovering subsystems at path C:/Users/Marius/Files/Programme/Unity/2020.3.4f1/Editor/Data/Resources/UnitySubsystems
[Subsystems] Discovering subsystems at path E:/Hobby/Unity/PokemonUnity/Pokemon Unity/Assets
GfxDevice: creating device client; threaded=0
Direct3D:
    Version:  Direct3D 11.0 [level 11.1]
    Renderer: NVIDIA GeForce GTX 970 (ID=0x13c2)
    Vendor:   
    VRAM:     4043 MB
    Driver:   27.21.14.6192
Initialize mono
Mono path[0] = 'C:/Users/Marius/Files/Programme/Unity/2020.3.4f1/Editor/Data/Managed'
Mono path[1] = 'C:/Users/Marius/Files/Programme/Unity/2020.3.4f1/Editor/Data/MonoBleedingEdge/lib/mono/unityjit'
Mono config path = 'C:/Users/Marius/Files/Programme/Unity/2020.3.4f1/Editor/Data/MonoBleedingEdge/etc'
Using monoOptions --debugger-agent=transport=dt_socket,embedding=1,server=y,suspend=n,address=127.0.0.1:56864
Begin MonoManager ReloadAssembly
Registering precompiled unity dll's ...
Register platform support module: C:/Users/Marius/Files/Programme/Unity/2020.3.4f1/Editor/Data/PlaybackEngines/WindowsStandaloneSupport/UnityEditor.WindowsStandalone.Extensions.dll
Register platform support module: C:/Users/Marius/Files/Programme/Unity/2020.3.4f1/Editor/Data/PlaybackEngines/LinuxStandaloneSupport/UnityEditor.LinuxStandalone.Extensions.dll
Registered in 0.002648 seconds.
Native extension for LinuxStandalone target not found
Native extension for WindowsStandalone target not found
Refreshing native plugins compatible for Editor in 63.80 ms, found 1 plugins.
Preloading 0 native plugins for Editor in 0.00 ms.
Mono: successfully reloaded assembly
- Completed reload, in  1.324 seconds
Platform modules already initialized, skipping
Registering precompiled user dll's ...
Registered in 0.004210 seconds.
Begin MonoManager ReloadAssembly
Native extension for LinuxStandalone target not found
Native extension for WindowsStandalone target not found
Refreshing native plugins compatible for Editor in 1.03 ms, found 1 plugins.
Preloading 0 native plugins for Editor in 0.00 ms.
Mono: successfully reloaded assembly
- Completed reload, in  1.586 seconds
Platform modules already initialized, skipping
========================================================================
Worker process is ready to serve import requests
Launched and connected shader compiler UnityShaderCompiler.exe after 0.12 seconds
Refreshing native plugins compatible for Editor in 1.19 ms, found 1 plugins.
Preloading 0 native plugins for Editor in 0.00 ms.
Unloading 1492 Unused Serialized files (Serialized files now loaded: 0)
System memory in use before: 75.0 MB.
System memory in use after: 75.1 MB.

Unloading 51 unused Assets to reduce memory usage. Loaded Objects now: 1915.
Total: 2.358800 ms (FindLiveObjects: 0.173100 ms CreateObjectMapping: 0.161500 ms MarkObjects: 1.940100 ms  DeleteObjects: 0.082600 ms)

========================================================================
Received Import Request.
  path: Assets/Scripts/GlobalVariables.cs
  artifactKey: Guid(58875c8d9ee3e4341b95fa18a712cad0) Importer(815301076,1909f56bfc062723c751e8b465ee728b)
Start importing Assets/Scripts/GlobalVariables.cs using Guid(58875c8d9ee3e4341b95fa18a712cad0) Importer(815301076,1909f56bfc062723c751e8b465ee728b)  -> (artifact id: 'fec7fcd836cc521c1f92ac274536a0a4') in 0.055339 seconds
  Import took 0.063334 seconds .

========================================================================
Received Import Request.
  Time since last request: 27.529090 seconds.
  path: Assets/Scripts/DialogBoxHandler.cs
  artifactKey: Guid(75464183102fe804ca4c5df8c8836725) Importer(815301076,1909f56bfc062723c751e8b465ee728b)
Start importing Assets/Scripts/DialogBoxHandler.cs using Guid(75464183102fe804ca4c5df8c8836725) Importer(815301076,1909f56bfc062723c751e8b465ee728b)  -> (artifact id: 'd7aad6aa02d370c6bb2e5b9456e7c774') in 0.008865 seconds
  Import took 0.012329 seconds .

========================================================================
Received Import Request.
  Time since last request: 0.000541 seconds.
  path: Assets/Scripts/DialogBoxHandler.cs
  artifactKey: Guid(75464183102fe804ca4c5df8c8836725) Importer(815301076,1909f56bfc062723c751e8b465ee728b)
Start importing Assets/Scripts/DialogBoxHandler.cs using Guid(75464183102fe804ca4c5df8c8836725) Importer(815301076,1909f56bfc062723c751e8b465ee728b)  -> (artifact id: 'd7aad6aa02d370c6bb2e5b9456e7c774') in 0.003279 seconds
  Import took 0.031781 seconds .

========================================================================
Received Import Request.
  Time since last request: 60.717233 seconds.
  path: Assets/Scripts/Interacts
  artifactKey: Guid(7ce8ca4a34501be498fc63f366a58916) Importer(815301076,1909f56bfc062723c751e8b465ee728b)
Start importing Assets/Scripts/Interacts using Guid(7ce8ca4a34501be498fc63f366a58916) Importer(815301076,1909f56bfc062723c751e8b465ee728b)  -> (artifact id: '1d2789a4e560ec16af423936b024f5d5') in 0.038498 seconds
  Import took 0.041692 seconds .

========================================================================
Received Import Request.
  Time since last request: 16.466010 seconds.
  path: Assets/Scripts/NonResettingHandler.cs
  artifactKey: Guid(4d66b037603bef74bb91a3435aca453b) Importer(815301076,1909f56bfc062723c751e8b465ee728b)
Start importing Assets/Scripts/NonResettingHandler.cs using Guid(4d66b037603bef74bb91a3435aca453b) Importer(815301076,1909f56bfc062723c751e8b465ee728b)  -> (artifact id: '1c6f953e1d00d59fe7c85e869324f9c1') in 0.010646 seconds
  Import took 0.038364 seconds .

========================================================================
Received Import Request.
  Time since last request: 1.492374 seconds.
  path: Assets/Scripts/SaveData.cs
  artifactKey: Guid(fd3a6af8db047df41949e202fb15b443) Importer(815301076,1909f56bfc062723c751e8b465ee728b)
Start importing Assets/Scripts/SaveData.cs using Guid(fd3a6af8db047df41949e202fb15b443) Importer(815301076,1909f56bfc062723c751e8b465ee728b)  -> (artifact id: '870ce5c3b02982237dabf686ab0e061b') in 0.029416 seconds
  Import took 0.056233 seconds .

========================================================================
Received Import Request.
  Time since last request: 6.397736 seconds.
  path: Assets/Scripts/ScreenFade.cs
  artifactKey: Guid(cbf524aeb63e47a4b8587937a6dbef1f) Importer(815301076,1909f56bfc062723c751e8b465ee728b)
Start importing Assets/Scripts/ScreenFade.cs using Guid(cbf524aeb63e47a4b8587937a6dbef1f) Importer(815301076,1909f56bfc062723c751e8b465ee728b)  -> (artifact id: 'a7c3ab94af73e479a3a18d7f62f9d9bb') in 0.011034 seconds
  Import took 0.029433 seconds .

========================================================================
Received Import Request.
  Time since last request: 7.580408 seconds.
  path: Assets/Scripts/SetMatTint.cs
  artifactKey: Guid(91649a65593ffd04a82cbb5e0fdf28c3) Importer(815301076,1909f56bfc062723c751e8b465ee728b)
Start importing Assets/Scripts/SetMatTint.cs using Guid(91649a65593ffd04a82cbb5e0fdf28c3) Importer(815301076,1909f56bfc062723c751e8b465ee728b)  -> (artifact id: 'e4205f956a8b9a29d34a2cc12970c3d8') in 0.016665 seconds
  Import took 0.036853 seconds .

========================================================================
Received Import Request.
  Time since last request: 0.545525 seconds.
  path: Assets/Scripts/SaveLoad.cs
  artifactKey: Guid(ce2eb2844c54f674e98fbbeda2fac666) Importer(815301076,1909f56bfc062723c751e8b465ee728b)
Start importing Assets/Scripts/SaveLoad.cs using Guid(ce2eb2844c54f674e98fbbeda2fac666) Importer(815301076,1909f56bfc062723c751e8b465ee728b)  -> (artifact id: '53ad1629be3b7cb6a16d2c14afd3eff7') in 0.008907 seconds
  Import took 0.027075 seconds .

========================================================================
Received Import Request.
  Time since last request: 15.759688 seconds.
  path: Assets/Scripts/MapNameBoxHandler.cs
  artifactKey: Guid(e36a07dcc7aa02a449679f5be93323bc) Importer(815301076,1909f56bfc062723c751e8b465ee728b)
Start importing Assets/Scripts/MapNameBoxHandler.cs using Guid(e36a07dcc7aa02a449679f5be93323bc) Importer(815301076,1909f56bfc062723c751e8b465ee728b)  -> (artifact id: '72e90dec7b5ed6d8a8deecac028a0954') in 0.009126 seconds
  Import took 0.027142 seconds .

========================================================================
Received Import Request.
  Time since last request: 6.418107 seconds.
  path: Assets/Scripts/MapSettings.cs
  artifactKey: Guid(eb23452707a90a545b4775ab15c8364f) Importer(815301076,1909f56bfc062723c751e8b465ee728b)
Start importing Assets/Scripts/MapSettings.cs using Guid(eb23452707a90a545b4775ab15c8364f) Importer(815301076,1909f56bfc062723c751e8b465ee728b)  -> (artifact id: 'bd72e71d1be3b3406adb45426446d3e0') in 0.007954 seconds
  Import took 0.034198 seconds .

========================================================================
Received Import Request.
  Time since last request: 12.278555 seconds.
  path: Assets/Scripts/SceneTransition.cs
  artifactKey: Guid(1f5599e9e2f45fe439bc9fdf8d416a82) Importer(815301076,1909f56bfc062723c751e8b465ee728b)
Start importing Assets/Scripts/SceneTransition.cs using Guid(1f5599e9e2f45fe439bc9fdf8d416a82) Importer(815301076,1909f56bfc062723c751e8b465ee728b)  -> (artifact id: 'ac33fd4cedf3f6f1347d7d6ed7e8af79') in 0.007959 seconds
  Import took 0.023602 seconds .

========================================================================
Received Import Request.
  Time since last request: 0.001541 seconds.
  path: Assets/Scripts/SceneTransition.cs
  artifactKey: Guid(1f5599e9e2f45fe439bc9fdf8d416a82) Importer(815301076,1909f56bfc062723c751e8b465ee728b)
Start importing Assets/Scripts/SceneTransition.cs using Guid(1f5599e9e2f45fe439bc9fdf8d416a82) Importer(815301076,1909f56bfc062723c751e8b465ee728b)  -> (artifact id: 'ac33fd4cedf3f6f1347d7d6ed7e8af79') in 0.004414 seconds
  Import took 0.009571 seconds .

========================================================================
Received Import Request.
  Time since last request: 20.935761 seconds.
  path: Assets/Scripts/flycameraDebug.cs
  artifactKey: Guid(f04268224bc57cb49988de62aa7c93b8) Importer(815301076,1909f56bfc062723c751e8b465ee728b)
Start importing Assets/Scripts/flycameraDebug.cs using Guid(f04268224bc57cb49988de62aa7c93b8) Importer(815301076,1909f56bfc062723c751e8b465ee728b)  -> (artifact id: 'ae6093eb6f3152cc474a2ce8fdcda129') in 0.036503 seconds
  Import took 0.064027 seconds .

========================================================================
Received Import Request.
  Time since last request: 224.242171 seconds.
  path: Assets/Scripts
  artifactKey: Guid(64cb86fa82165834d891f423048f18d7) Importer(815301076,1909f56bfc062723c751e8b465ee728b)
Start importing Assets/Scripts using Guid(64cb86fa82165834d891f423048f18d7) Importer(815301076,1909f56bfc062723c751e8b465ee728b)  -> (artifact id: 'dec600dc07ce238e8e532df973e54f69') in 0.021374 seconds
  Import took 0.042014 seconds .

========================================================================
Received Import Request.
  Time since last request: 10.388921 seconds.
  path: Assets/Editor
  artifactKey: Guid(8f9b65c843d502443a95de906e1b400c) Importer(815301076,1909f56bfc062723c751e8b465ee728b)
Start importing Assets/Editor using Guid(8f9b65c843d502443a95de906e1b400c) Importer(815301076,1909f56bfc062723c751e8b465ee728b)  -> (artifact id: '0a6381aee81d1f72c019a5454ac96253') in 0.024838 seconds
  Import took 0.027998 seconds .

========================================================================
Received Prepare
Registering precompiled user dll's ...
Registered in 0.003047 seconds.
Begin MonoManager ReloadAssembly
Native extension for LinuxStandalone target not found
Native extension for WindowsStandalone target not found
Refreshing native plugins compatible for Editor in 0.95 ms, found 1 plugins.
Preloading 0 native plugins for Editor in 0.00 ms.
Mono: successfully reloaded assembly
- Completed reload, in  1.000 seconds
Platform modules already initialized, skipping
Refreshing native plugins compatible for Editor in 0.86 ms, found 1 plugins.
Preloading 0 native plugins for Editor in 0.00 ms.
Unloading 1447 Unused Serialized files (Serialized files now loaded: 0)
System memory in use before: 72.9 MB.
System memory in use after: 73.0 MB.

Unloading 52 unused Assets to reduce memory usage. Loaded Objects now: 1896.
Total: 3.236400 ms (FindLiveObjects: 0.265200 ms CreateObjectMapping: 0.184400 ms MarkObjects: 2.742800 ms  DeleteObjects: 0.042500 ms)

========================================================================
Received Import Request.
  Time since last request: 46.610599 seconds.
  path: Assets/Interfaces/SceneBattle.prefab
  artifactKey: Guid(307858b55cc545d46985d239a2728c86) Importer(815301076,1909f56bfc062723c751e8b465ee728b)
Start importing Assets/Interfaces/SceneBattle.prefab using Guid(307858b55cc545d46985d239a2728c86) Importer(815301076,1909f56bfc062723c751e8b465ee728b)  -> (artifact id: '5cb2cb5fae374f3a974ddc1408352957') in 1.269447 seconds
  Import took 1.298478 seconds .

========================================================================
Received Import Request.
  Time since last request: 15.353212 seconds.
  path: Assets/Interfaces/SceneBattle.prefab
  artifactKey: Guid(307858b55cc545d46985d239a2728c86) Importer(815301076,1909f56bfc062723c751e8b465ee728b)
Start importing Assets/Interfaces/SceneBattle.prefab using Guid(307858b55cc545d46985d239a2728c86) Importer(815301076,1909f56bfc062723c751e8b465ee728b)  -> (artifact id: '19d23aad2d33ea425ea32d547c3800c9') in 0.048859 seconds
  Import took 0.056868 seconds .

========================================================================
Received Prepare
Registering precompiled user dll's ...
Registered in 0.003130 seconds.
Begin MonoManager ReloadAssembly
Native extension for LinuxStandalone target not found
Native extension for WindowsStandalone target not found
Refreshing native plugins compatible for Editor in 0.94 ms, found 1 plugins.
Preloading 0 native plugins for Editor in 0.00 ms.
Mono: successfully reloaded assembly
- Completed reload, in  1.400 seconds
Platform modules already initialized, skipping
Refreshing native plugins compatible for Editor in 2.24 ms, found 1 plugins.
Preloading 0 native plugins for Editor in 0.00 ms.
Unloading 1447 Unused Serialized files (Serialized files now loaded: 0)
System memory in use before: 73.0 MB.
System memory in use after: 73.1 MB.

Unloading 30 unused Assets to reduce memory usage. Loaded Objects now: 1899.
Total: 1.997100 ms (FindLiveObjects: 0.195400 ms CreateObjectMapping: 0.064900 ms MarkObjects: 1.713800 ms  DeleteObjects: 0.021500 ms)

========================================================================
Received Prepare
Registering precompiled user dll's ...
Registered in 0.005232 seconds.
Begin MonoManager ReloadAssembly
Native extension for LinuxStandalone target not found
Native extension for WindowsStandalone target not found
Refreshing native plugins compatible for Editor in 0.86 ms, found 1 plugins.
Preloading 0 native plugins for Editor in 0.00 ms.
Mono: successfully reloaded assembly
- Completed reload, in  0.920 seconds
Platform modules already initialized, skipping
Refreshing native plugins compatible for Editor in 0.87 ms, found 1 plugins.
Preloading 0 native plugins for Editor in 0.00 ms.
Unloading 1447 Unused Serialized files (Serialized files now loaded: 0)
System memory in use before: 73.0 MB.
System memory in use after: 73.2 MB.

Unloading 30 unused Assets to reduce memory usage. Loaded Objects now: 1902.
Total: 4.704100 ms (FindLiveObjects: 0.187600 ms CreateObjectMapping: 0.065900 ms MarkObjects: 4.424000 ms  DeleteObjects: 0.025400 ms)

========================================================================
Received Prepare
Registering precompiled user dll's ...
Registered in 0.003162 seconds.
Begin MonoManager ReloadAssembly
Native extension for LinuxStandalone target not found
Native extension for WindowsStandalone target not found
Refreshing native plugins compatible for Editor in 0.88 ms, found 1 plugins.
Preloading 0 native plugins for Editor in 0.00 ms.
Mono: successfully reloaded assembly
- Completed reload, in  0.898 seconds
Platform modules already initialized, skipping
Refreshing native plugins compatible for Editor in 0.88 ms, found 1 plugins.
Preloading 0 native plugins for Editor in 0.00 ms.
Unloading 1447 Unused Serialized files (Serialized files now loaded: 0)
System memory in use before: 73.1 MB.
System memory in use after: 73.2 MB.

Unloading 30 unused Assets to reduce memory usage. Loaded Objects now: 1905.
Total: 3.570200 ms (FindLiveObjects: 0.184200 ms CreateObjectMapping: 0.059800 ms MarkObjects: 3.297000 ms  DeleteObjects: 0.027700 ms)

========================================================================
Received Prepare
Registering precompiled user dll's ...
Registered in 0.012250 seconds.
Begin MonoManager ReloadAssembly
Native extension for LinuxStandalone target not found
Native extension for WindowsStandalone target not found
Refreshing native plugins compatible for Editor in 1.08 ms, found 1 plugins.
Preloading 0 native plugins for Editor in 0.00 ms.
Mono: successfully reloaded assembly
- Completed reload, in  1.130 seconds
Platform modules already initialized, skipping
Refreshing native plugins compatible for Editor in 1.33 ms, found 1 plugins.
Preloading 0 native plugins for Editor in 0.00 ms.
Unloading 1447 Unused Serialized files (Serialized files now loaded: 0)
System memory in use before: 73.1 MB.
System memory in use after: 73.2 MB.

Unloading 30 unused Assets to reduce memory usage. Loaded Objects now: 1908.
Total: 3.250200 ms (FindLiveObjects: 0.158900 ms CreateObjectMapping: 0.052300 ms MarkObjects: 3.000200 ms  DeleteObjects: 0.036800 ms)

========================================================================
Received Import Request.
  Time since last request: 371.776901 seconds.
  path: Assets/Scenes
  artifactKey: Guid(a38c0de9e77662a4fb174593bf07145f) Importer(815301076,1909f56bfc062723c751e8b465ee728b)
Start importing Assets/Scenes using Guid(a38c0de9e77662a4fb174593bf07145f) Importer(815301076,1909f56bfc062723c751e8b465ee728b)  -> (artifact id: '5de3d85abf1a617a5fc508e4c05306e5') in 0.010172 seconds
  Import took 0.013320 seconds .

========================================================================
Received Import Request.
  Time since last request: 0.002817 seconds.
  path: Assets/Scenes
  artifactKey: Guid(a38c0de9e77662a4fb174593bf07145f) Importer(815301076,1909f56bfc062723c751e8b465ee728b)
Start importing Assets/Scenes using Guid(a38c0de9e77662a4fb174593bf07145f) Importer(815301076,1909f56bfc062723c751e8b465ee728b)  -> (artifact id: '5de3d85abf1a617a5fc508e4c05306e5') in 0.004639 seconds
  Import took 0.007860 seconds .

========================================================================
Received Import Request.
  Time since last request: 15.211719 seconds.
  path: Assets/Scenes/mapTestIndoors1.unity
  artifactKey: Guid(9b5895af051dea549b048b2934c23ba7) Importer(815301076,1909f56bfc062723c751e8b465ee728b)
Start importing Assets/Scenes/mapTestIndoors1.unity using Guid(9b5895af051dea549b048b2934c23ba7) Importer(815301076,1909f56bfc062723c751e8b465ee728b)  -> (artifact id: '0add9b0425f3409b56eced4fb1dc4984') in 0.028358 seconds
  Import took 0.055421 seconds .

========================================================================
Received Prepare
Registering precompiled user dll's ...
Registered in 0.010333 seconds.
Begin MonoManager ReloadAssembly
Native extension for LinuxStandalone target not found
Native extension for WindowsStandalone target not found
Refreshing native plugins compatible for Editor in 0.94 ms, found 1 plugins.
Preloading 0 native plugins for Editor in 0.00 ms.
Mono: successfully reloaded assembly
- Completed reload, in  0.891 seconds
Platform modules already initialized, skipping
Refreshing native plugins compatible for Editor in 0.97 ms, found 1 plugins.
Preloading 0 native plugins for Editor in 0.00 ms.
Unloading 1447 Unused Serialized files (Serialized files now loaded: 0)
System memory in use before: 73.1 MB.
System memory in use after: 73.2 MB.

Unloading 30 unused Assets to reduce memory usage. Loaded Objects now: 1911.
Total: 2.038300 ms (FindLiveObjects: 0.183200 ms CreateObjectMapping: 0.053400 ms MarkObjects: 1.777200 ms  DeleteObjects: 0.023400 ms)

========================================================================
Received Import Request.
  Time since last request: 41.331858 seconds.
  path: Assets/Scenes/indoorsN.unity
  artifactKey: Guid(77a253641a7cd974ba110d98426890d3) Importer(815301076,1909f56bfc062723c751e8b465ee728b)
Start importing Assets/Scenes/indoorsN.unity using Guid(77a253641a7cd974ba110d98426890d3) Importer(815301076,1909f56bfc062723c751e8b465ee728b)  -> (artifact id: '6786fa65412cf2f57bdab235f7723882') in 0.101680 seconds
  Import took 0.131250 seconds .

========================================================================
Received Import Request.
  Time since last request: 1.666319 seconds.
  path: Assets/Scenes/overworldN.unity
  artifactKey: Guid(56f2f7d972d55a948ba51e9cbdb171f5) Importer(815301076,1909f56bfc062723c751e8b465ee728b)
Start importing Assets/Scenes/overworldN.unity using Guid(56f2f7d972d55a948ba51e9cbdb171f5) Importer(815301076,1909f56bfc062723c751e8b465ee728b)  -> (artifact id: '589c163c4b3b8acff1a35bc9093ff3d2') in 0.092012 seconds
  Import took 0.096953 seconds .

========================================================================
Received Prepare
Registering precompiled user dll's ...
Registered in 0.003406 seconds.
Begin MonoManager ReloadAssembly
Native extension for LinuxStandalone target not found
Native extension for WindowsStandalone target not found
Refreshing native plugins compatible for Editor in 0.87 ms, found 1 plugins.
Preloading 0 native plugins for Editor in 0.00 ms.
Mono: successfully reloaded assembly
- Completed reload, in  0.864 seconds
Platform modules already initialized, skipping
Refreshing native plugins compatible for Editor in 1.14 ms, found 1 plugins.
Preloading 0 native plugins for Editor in 0.00 ms.
Unloading 1447 Unused Serialized files (Serialized files now loaded: 0)
System memory in use before: 73.1 MB.
System memory in use after: 73.2 MB.

Unloading 30 unused Assets to reduce memory usage. Loaded Objects now: 1914.
Total: 2.346600 ms (FindLiveObjects: 0.165700 ms CreateObjectMapping: 0.053300 ms MarkObjects: 2.099500 ms  DeleteObjects: 0.026800 ms)

========================================================================
Received Import Request.
  Time since last request: 155.955734 seconds.
  path: Assets/Scenes/overworldNW.unity
  artifactKey: Guid(bf231f9f6dbf8b54da98f5cfe1748481) Importer(815301076,1909f56bfc062723c751e8b465ee728b)
Start importing Assets/Scenes/overworldNW.unity using Guid(bf231f9f6dbf8b54da98f5cfe1748481) Importer(815301076,1909f56bfc062723c751e8b465ee728b)  -> (artifact id: '1d69f3ab5ba3443f6836c53057a25932') in 0.020403 seconds
  Import took 0.023778 seconds .

========================================================================
Received Prepare
Registering precompiled user dll's ...
Registered in 0.004031 seconds.
Begin MonoManager ReloadAssembly
Native extension for LinuxStandalone target not found
Native extension for WindowsStandalone target not found
Refreshing native plugins compatible for Editor in 1.86 ms, found 1 plugins.
Preloading 0 native plugins for Editor in 0.00 ms.
Mono: successfully reloaded assembly
- Completed reload, in  3.381 seconds
Platform modules already initialized, skipping
Refreshing native plugins compatible for Editor in 0.91 ms, found 1 plugins.
Preloading 0 native plugins for Editor in 0.00 ms.
Unloading 1447 Unused Serialized files (Serialized files now loaded: 0)
System memory in use before: 73.1 MB.
System memory in use after: 73.2 MB.

Unloading 30 unused Assets to reduce memory usage. Loaded Objects now: 1917.
Total: 1.749800 ms (FindLiveObjects: 0.155300 ms CreateObjectMapping: 0.050100 ms MarkObjects: 1.515100 ms  DeleteObjects: 0.018700 ms)

AssetImportWorkerClient::OnTransportError - code=2 error=End of file
